<?xml version="1.0" encoding="UTF-8"?>
<testng-results ignored="0" total="5" passed="5" failed="0" skipped="0">
  <reporter-output>
  </reporter-output>
  <suite started-at="2021-05-12T09:44:53 CDT" name="Default suite" finished-at="2021-05-12T09:45:01 CDT" duration-ms="7690">
    <groups>
    </groups>
    <test started-at="2021-05-12T09:44:53 CDT" name="Default test" finished-at="2021-05-12T09:45:01 CDT" duration-ms="7690">
      <class name="AAtest.AAtest">
        <test-method is-config="true" signature="beforeSuite()[pri:0, instance:AAtest.AAtest@4d02f94e]" started-at="2021-05-12T09:44:53 CDT" name="beforeSuite" finished-at="2021-05-12T09:44:53 CDT" duration-ms="9" status="PASS">
          <reporter-output>
          </reporter-output>
        </test-method> <!-- beforeSuite -->
        <test-method is-config="true" signature="beforeTest()[pri:0, instance:AAtest.AAtest@4d02f94e]" started-at="2021-05-12T09:44:53 CDT" name="beforeTest" finished-at="2021-05-12T09:44:53 CDT" duration-ms="0" status="PASS">
          <reporter-output>
          </reporter-output>
        </test-method> <!-- beforeTest -->
        <test-method is-config="true" signature="beforeClass()[pri:0, instance:AAtest.AAtest@4d02f94e]" started-at="2021-05-12T09:44:53 CDT" name="beforeClass" finished-at="2021-05-12T09:44:53 CDT" duration-ms="0" status="PASS">
          <reporter-output>
          </reporter-output>
        </test-method> <!-- beforeClass -->
        <test-method is-config="true" signature="beforeMethod()[pri:0, instance:AAtest.AAtest@4d02f94e]" started-at="2021-05-12T09:44:53 CDT" name="beforeMethod" finished-at="2021-05-12T09:44:53 CDT" duration-ms="0" status="PASS">
          <reporter-output>
          </reporter-output>
        </test-method> <!-- beforeMethod -->
        <test-method signature="f(java.lang.Integer,java.lang.String)[pri:0, instance:AAtest.AAtest@4d02f94e]" started-at="2021-05-12T09:44:53 CDT" name="f" data-provider="dp" finished-at="2021-05-12T09:44:53 CDT" duration-ms="4" status="PASS">
          <params>
            <param index="0">
              <value>
                <![CDATA[1]]>
              </value>
            </param>
            <param index="1">
              <value>
                <![CDATA[a]]>
              </value>
            </param>
          </params>
          <reporter-output>
          </reporter-output>
        </test-method> <!-- f -->
        <test-method is-config="true" signature="beforeMethod()[pri:0, instance:AAtest.AAtest@4d02f94e]" started-at="2021-05-12T09:44:53 CDT" name="beforeMethod" finished-at="2021-05-12T09:44:53 CDT" duration-ms="1" status="PASS">
          <reporter-output>
          </reporter-output>
        </test-method> <!-- beforeMethod -->
        <test-method is-config="true" signature="afterMethod()[pri:0, instance:AAtest.AAtest@4d02f94e]" started-at="2021-05-12T09:44:53 CDT" name="afterMethod" finished-at="2021-05-12T09:44:53 CDT" duration-ms="0" status="PASS">
          <reporter-output>
          </reporter-output>
        </test-method> <!-- afterMethod -->
        <test-method signature="f(java.lang.Integer,java.lang.String)[pri:0, instance:AAtest.AAtest@4d02f94e]" started-at="2021-05-12T09:44:53 CDT" name="f" data-provider="dp" finished-at="2021-05-12T09:44:53 CDT" duration-ms="1" status="PASS">
          <params>
            <param index="0">
              <value>
                <![CDATA[2]]>
              </value>
            </param>
            <param index="1">
              <value>
                <![CDATA[b]]>
              </value>
            </param>
          </params>
          <reporter-output>
          </reporter-output>
        </test-method> <!-- f -->
        <test-method is-config="true" signature="afterMethod()[pri:0, instance:AAtest.AAtest@4d02f94e]" started-at="2021-05-12T09:44:53 CDT" name="afterMethod" finished-at="2021-05-12T09:44:53 CDT" duration-ms="0" status="PASS">
          <reporter-output>
          </reporter-output>
        </test-method> <!-- afterMethod -->
        <test-method signature="test_ConfigSetup()[pri:0, instance:AAtest.AAtest@4d02f94e]" started-at="2021-05-12T09:44:53 CDT" name="test_ConfigSetup" finished-at="2021-05-12T09:44:59 CDT" duration-ms="5913" status="PASS">
          <reporter-output>
          </reporter-output>
        </test-method> <!-- test_ConfigSetup -->
        <test-method is-config="true" signature="beforeMethod()[pri:0, instance:AAtest.AAtest@4d02f94e]" started-at="2021-05-12T09:44:53 CDT" name="beforeMethod" finished-at="2021-05-12T09:44:53 CDT" duration-ms="0" status="PASS">
          <reporter-output>
          </reporter-output>
        </test-method> <!-- beforeMethod -->
        <test-method is-config="true" signature="beforeMethod()[pri:0, instance:AAtest.AAtest@4d02f94e]" started-at="2021-05-12T09:44:59 CDT" name="beforeMethod" finished-at="2021-05-12T09:44:59 CDT" duration-ms="0" status="PASS">
          <reporter-output>
          </reporter-output>
        </test-method> <!-- beforeMethod -->
        <test-method is-config="true" signature="afterMethod()[pri:0, instance:AAtest.AAtest@4d02f94e]" started-at="2021-05-12T09:44:59 CDT" name="afterMethod" finished-at="2021-05-12T09:44:59 CDT" duration-ms="0" status="PASS">
          <reporter-output>
          </reporter-output>
        </test-method> <!-- afterMethod -->
        <test-method signature="test_getTeamsUserActivityCounts()[pri:0, instance:AAtest.AAtest@4d02f94e]" started-at="2021-05-12T09:44:59 CDT" name="test_getTeamsUserActivityCounts" finished-at="2021-05-12T09:45:00 CDT" duration-ms="955" status="PASS">
          <reporter-output>
          </reporter-output>
        </test-method> <!-- test_getTeamsUserActivityCounts -->
        <test-method is-config="true" signature="afterMethod()[pri:0, instance:AAtest.AAtest@4d02f94e]" started-at="2021-05-12T09:45:00 CDT" name="afterMethod" finished-at="2021-05-12T09:45:00 CDT" duration-ms="1" status="PASS">
          <reporter-output>
          </reporter-output>
        </test-method> <!-- afterMethod -->
        <test-method is-config="true" signature="beforeMethod()[pri:0, instance:AAtest.AAtest@4d02f94e]" started-at="2021-05-12T09:45:00 CDT" name="beforeMethod" finished-at="2021-05-12T09:45:00 CDT" duration-ms="0" status="PASS">
          <reporter-output>
          </reporter-output>
        </test-method> <!-- beforeMethod -->
        <test-method signature="test_getTeamsUserActivityUserDetail()[pri:0, instance:AAtest.AAtest@4d02f94e]" started-at="2021-05-12T09:45:00 CDT" name="test_getTeamsUserActivityUserDetail" finished-at="2021-05-12T09:45:01 CDT" duration-ms="764" status="PASS">
          <reporter-output>
          </reporter-output>
        </test-method> <!-- test_getTeamsUserActivityUserDetail -->
        <test-method is-config="true" signature="afterMethod()[pri:0, instance:AAtest.AAtest@4d02f94e]" started-at="2021-05-12T09:45:01 CDT" name="afterMethod" finished-at="2021-05-12T09:45:01 CDT" duration-ms="1" status="PASS">
          <reporter-output>
          </reporter-output>
        </test-method> <!-- afterMethod -->
        <test-method is-config="true" signature="afterClass()[pri:0, instance:AAtest.AAtest@4d02f94e]" started-at="2021-05-12T09:45:01 CDT" name="afterClass" finished-at="2021-05-12T09:45:01 CDT" duration-ms="1" status="PASS">
          <reporter-output>
          </reporter-output>
        </test-method> <!-- afterClass -->
        <test-method is-config="true" signature="afterTest()[pri:0, instance:AAtest.AAtest@4d02f94e]" started-at="2021-05-12T09:45:01 CDT" name="afterTest" finished-at="2021-05-12T09:45:01 CDT" duration-ms="0" status="PASS">
          <reporter-output>
          </reporter-output>
        </test-method> <!-- afterTest -->
        <test-method is-config="true" signature="afterSuite()[pri:0, instance:AAtest.AAtest@4d02f94e]" started-at="2021-05-12T09:45:01 CDT" name="afterSuite" finished-at="2021-05-12T09:45:01 CDT" duration-ms="0" status="PASS">
          <reporter-output>
          </reporter-output>
        </test-method> <!-- afterSuite -->
      </class> <!-- AAtest.AAtest -->
    </test> <!-- Default test -->
  </suite> <!-- Default suite -->
</testng-results>
