<?xml version="1.0" encoding="UTF-8"?>
<!-- Generated by org.testng.reporters.JUnitXMLReporter -->
<testsuite ignored="0" hostname="CQUIJANO" failures="0" tests="5" name="Default test" time="7.69" errors="0" timestamp="2021-05-12T09:45:01 CDT">
  <testcase classname="AAtest.AAtest" name="f" time="0.004"/>
  <testcase classname="AAtest.AAtest" name="f" time="0.001"/>
  <testcase classname="AAtest.AAtest" name="test_ConfigSetup" time="5.913"/>
  <testcase classname="AAtest.AAtest" name="test_getTeamsUserActivityCounts" time="0.955"/>
  <testcase classname="AAtest.AAtest" name="test_getTeamsUserActivityUserDetail" time="0.764"/>
</testsuite> <!-- Default test -->
